#! /usr/bin/vvp
:ivl_version "0.9.7 " "(v0_9_7)";
:vpi_time_precision + 0;
:vpi_module "system";
:vpi_module "v2005_math";
:vpi_module "va_math";
S_0xfae350 .scope module, "decoder" "decoder" 2 1;
 .timescale 0 0;
L_0xfdf860 .functor OR 1, C4<z>, C4<z>, C4<0>, C4<0>;
L_0xfdf940 .functor NOT 1, L_0xfdf860, C4<0>, C4<0>, C4<0>;
L_0xfdfa20 .functor NOT 1, C4<z>, C4<0>, C4<0>, C4<0>;
L_0xfdfad0 .functor AND 1, L_0xfdfa20, C4<z>, C4<1>, C4<1>;
L_0xfdfbd0 .functor NOT 1, C4<z>, C4<0>, C4<0>, C4<0>;
L_0xfdfc30 .functor AND 1, L_0xfdfbd0, C4<z>, C4<1>, C4<1>;
L_0xfdfd10 .functor AND 1, C4<z>, C4<z>, C4<1>, C4<1>;
v0xfae440_0 .net "a", 0 0, L_0xfdf860; 1 drivers
v0xfdf2c0_0 .net "b", 0 0, L_0xfdfa20; 1 drivers
v0xfdf360_0 .net "c", 0 0, L_0xfdfbd0; 1 drivers
v0xfdf400_0 .net "inp1", 0 0, C4<z>; 0 drivers
v0xfdf4b0_0 .net "inp2", 0 0, C4<z>; 0 drivers
v0xfdf550_0 .net "out1", 0 0, L_0xfdf940; 1 drivers
v0xfdf630_0 .net "out2", 0 0, L_0xfdfad0; 1 drivers
v0xfdf6d0_0 .net "out3", 0 0, L_0xfdfc30; 1 drivers
v0xfdf7c0_0 .net "out4", 0 0, L_0xfdfd10; 1 drivers
# The file index is used to find the file name in the following table.
:file_names 3;
    "N/A";
    "<interactive>";
    "decoder.v";
